<?xml version="1.0" encoding="UTF-8"?>
<!-- Generated by org.testng.reporters.JUnitReportReporter -->
<testsuite hostname="Kushi" failures="0" tests="1" name="script.DemoTest" time="10.511" errors="0" timestamp="2023-05-03T12:25:10 IST" skipped="0">
  <testcase classname="script.DemoTest" name="demoTest1" time="10.511"/>
  <system-out>
    <![CDATA[test data:admin
Google]]>
  </system-out>
</testsuite> <!-- script.DemoTest -->
