<?xml version="1.0" encoding="UTF-8"?>
<!-- Generated by org.testng.reporters.JUnitReportReporter -->
<testsuite hostname="Kushi" failures="0" tests="1" name="script.DemoTest3" time="4.806" errors="0" timestamp="2023-05-03T11:42:17 IST" skipped="0">
  <testcase classname="script.DemoTest3" name="demoTest1" time="4.806"/>
  <system-out>
    <![CDATA[Demo test1]]>
  </system-out>
</testsuite> <!-- script.DemoTest3 -->
