<?xml version="1.0" encoding="UTF-8"?>
<!-- Generated by org.testng.reporters.JUnitReportReporter -->
<testsuite hostname="Kushi" failures="0" tests="1" name="script.ValidLogin" time="17.035" errors="0" timestamp="2023-05-04T12:55:10 IST" skipped="0">
  <testcase classname="script.ValidLogin" name="testValidLogin" time="17.035"/>
  <system-out>
    <![CDATA[HomePage is Displayed]]>
  </system-out>
</testsuite> <!-- script.ValidLogin -->
