<?xml version="1.0" encoding="UTF-8"?>
<!-- Generated by org.testng.reporters.JUnitReportReporter -->
<testsuite hostname="Kushi" failures="0" tests="1" name="script.InvalidLogin" time="15.369" errors="0" timestamp="2023-05-05T11:34:42 IST" skipped="0">
  <testcase classname="script.InvalidLogin" name="testInvalidLogin" time="15.369"/>
  <system-out>
    <![CDATA[Err Msg is Displayed
Err Msg is Displayed]]>
  </system-out>
</testsuite> <!-- script.InvalidLogin -->
