<?xml version="1.0" encoding="UTF-8"?>
<!-- Generated by org.testng.reporters.JUnitReportReporter -->
<testsuite hostname="Kushi" failures="0" tests="1" name="script.DemoTest2" time="5.852" errors="0" timestamp="2023-05-04T11:41:44 IST" skipped="0">
  <testcase classname="script.DemoTest2" name="demoTest1" time="5.852"/>
  <system-out>
    <![CDATA[Demo test1]]>
  </system-out>
</testsuite> <!-- script.DemoTest2 -->
